c:\users\jhk37\onedrive\바탕 화면\server_udp\debug\server_udp.pch
c:\users\jhk37\onedrive\바탕 화면\server_udp\debug\vc140.pdb
c:\users\jhk37\onedrive\바탕 화면\server_udp\debug\vc140.idb
c:\users\jhk37\onedrive\바탕 화면\server_udp\debug\stdafx.obj
c:\users\jhk37\onedrive\바탕 화면\server_udp\debug\datasocket.obj
c:\users\jhk37\onedrive\바탕 화면\server_udp\debug\server_udp.obj
c:\users\jhk37\onedrive\바탕 화면\server_udp\debug\server_udpdlg.obj
c:\users\jhk37\onedrive\바탕 화면\server_udp\debug\server_udp.ilk
c:\users\jhk37\onedrive\바탕 화면\server_udp\debug\server_udp.exe
c:\users\jhk37\onedrive\바탕 화면\server_udp\debug\server_udp.pdb
c:\users\jhk37\onedrive\바탕 화면\server_udp\debug\server_udp.res
c:\users\jhk37\onedrive\바탕 화면\server_udp\debug\server_udp.tlog\cl.command.1.tlog
c:\users\jhk37\onedrive\바탕 화면\server_udp\debug\server_udp.tlog\cl.read.1.tlog
c:\users\jhk37\onedrive\바탕 화면\server_udp\debug\server_udp.tlog\cl.write.1.tlog
c:\users\jhk37\onedrive\바탕 화면\server_udp\debug\server_udp.tlog\link.command.1.tlog
c:\users\jhk37\onedrive\바탕 화면\server_udp\debug\server_udp.tlog\link.read.1.tlog
c:\users\jhk37\onedrive\바탕 화면\server_udp\debug\server_udp.tlog\link.write.1.tlog
c:\users\jhk37\onedrive\바탕 화면\server_udp\debug\server_udp.tlog\rc.command.1.tlog
c:\users\jhk37\onedrive\바탕 화면\server_udp\debug\server_udp.tlog\rc.read.1.tlog
c:\users\jhk37\onedrive\바탕 화면\server_udp\debug\server_udp.tlog\rc.write.1.tlog
